[debug] [2021-07-15T18:34:30.058Z] ----------------------------------------------------------------------
[debug] [2021-07-15T18:34:30.060Z] Command:       C:\Program Files\nodejs\node.exe C:\Users\Sebas\AppData\Roaming\npm\node_modules\firebase-tools\lib\bin\firebase.js init
[debug] [2021-07-15T18:34:30.061Z] CLI Version:   9.16.0
[debug] [2021-07-15T18:34:30.061Z] Platform:      win32
[debug] [2021-07-15T18:34:30.061Z] Node Version:  v14.15.0
[debug] [2021-07-15T18:34:30.062Z] Time:          Thu Jul 15 2021 13:34:30 GMT-0500 (hora estándar de Colombia)
[debug] [2021-07-15T18:34:30.062Z] ----------------------------------------------------------------------
[debug] 
[debug] [2021-07-15T18:34:30.066Z] >>> [apiv2][query] GET https://firebase-public.firebaseio.com/cli.json [none]
[debug] [2021-07-15T18:34:30.086Z] > command requires scopes: ["email","openid","https://www.googleapis.com/auth/cloudplatformprojects.readonly","https://www.googleapis.com/auth/firebase","https://www.googleapis.com/auth/cloud-platform"]
[debug] [2021-07-15T18:34:30.087Z] > authorizing via signed-in user (u1201848@unimilitar.edu.co)
[info] 
     ######## #### ########  ######## ########     ###     ######  ########
     ##        ##  ##     ## ##       ##     ##  ##   ##  ##       ##
     ######    ##  ########  ######   ########  #########  ######  ######
     ##        ##  ##    ##  ##       ##     ## ##     ##       ## ##
     ##       #### ##     ## ######## ########  ##     ##  ######  ########

You're about to initialize a Firebase project in this directory:

  D:\Drive\DESARROLLO\CURSOS\SINGLE PAGE APLICATION\Chatestable

[debug] [2021-07-15T18:34:30.492Z] <<< [apiv2][status] GET https://firebase-public.firebaseio.com/cli.json 200
[debug] [2021-07-15T18:34:30.492Z] <<< [apiv2][body] GET https://firebase-public.firebaseio.com/cli.json {"cloudBuildErrorAfter":1594252800000,"cloudBuildWarnAfter":1590019200000,"defaultNode10After":1594252800000,"minVersion":"3.0.5","node8DeploysDisabledAfter":1613390400000,"node8RuntimeDisabledAfter":1615809600000,"node8WarnAfter":1600128000000}
